2025-01-15 20:17:44 - Creating temporary Dockerfile...
2025-01-15 20:17:44 - Adding package installation to Dockerfile...
2025-01-15 20:17:44 - Building Docker image (default_image)...
2025-01-15 20:17:47 - Error: Failed to build the Docker image.
2025-01-15 20:24:03 - Creating temporary Dockerfile...
2025-01-15 20:24:03 - Updating COPY commands in Dockerfile...
2025-01-15 20:24:03 - Adding package installation to Dockerfile...
2025-01-15 20:24:03 - Building Docker image (default_image)...
2025-01-15 20:27:37 - Error: Failed to build the Docker image.
2025-01-15 21:36:39 - Creating temporary Dockerfile...
2025-01-15 21:36:39 - Setting up PROJECT_NAME in Dockerfile...
2025-01-15 21:36:39 - Adding package installation to Dockerfile...
2025-01-15 21:36:39 - Building Docker image (default_image) with PROJECT_NAME=default_project...
2025-01-15 21:36:42 - Error: Failed to build the Docker image.
2025-01-15 21:40:59 - Creating temporary Dockerfile...
2025-01-15 21:40:59 - Setting up PROJECT_NAME in Dockerfile...
2025-01-15 21:41:00 - Updating COPY commands in Dockerfile...
2025-01-15 21:41:00 - Adding package installation to Dockerfile...
2025-01-15 21:41:00 - Building Docker image (test_image) with PROJECT_NAME=default_project...
2025-01-15 21:48:07 - Docker image built successfully.
2025-01-16 16:37:56 - Creating temporary Dockerfile...
2025-01-16 16:37:56 - Setting up PROJECT_NAME in Dockerfile...
2025-01-16 16:37:56 - Updating COPY commands in Dockerfile...
2025-01-16 16:37:56 - Adding package installation to Dockerfile...
2025-01-16 16:37:56 - Building Docker image (test_image) with PROJECT_NAME=default_project...
2025-01-16 16:45:11 - Docker image built successfully.
2025-01-18 15:10:40 - Creating temporary Dockerfile...
2025-01-18 15:10:40 - Setting up PROJECT_NAME in Dockerfile...
2025-01-18 15:10:40 - Updating COPY commands in Dockerfile...
2025-01-18 15:10:40 - Adding package installation to Dockerfile...
2025-01-18 15:10:40 - Building Docker image (test_image) with PROJECT_NAME=default_project...
2025-01-18 15:17:08 - Docker image built successfully.
2025-01-18 15:57:11 - Creating temporary Dockerfile...
2025-01-18 15:57:11 - Setting up PROJECT_NAME in Dockerfile...
2025-01-18 15:57:11 - Updating COPY commands in Dockerfile...
2025-01-18 15:57:11 - Adding package installation to Dockerfile...
2025-01-18 15:57:11 - Building Docker image (test_image) with PROJECT_NAME=default_project...
2025-01-18 16:05:07 - Docker image built successfully.
2025-01-20 12:06:19 - Creating temporary Dockerfile...
2025-01-20 12:06:19 - Setting up PROJECT_NAME in Dockerfile...
2025-01-20 12:06:19 - Updating COPY commands in Dockerfile...
2025-01-20 12:06:19 - Adding package installation to Dockerfile...
2025-01-20 12:06:19 - Building Docker image (test_image) with PROJECT_NAME=default_project...
2025-01-20 12:07:57 - Error: Failed to build the Docker image.
2025-01-20 12:10:43 - Creating temporary Dockerfile...
2025-01-20 12:10:43 - Setting up PROJECT_NAME in Dockerfile...
2025-01-20 12:10:43 - Updating COPY commands in Dockerfile...
2025-01-20 12:10:43 - Adding package installation to Dockerfile...
2025-01-20 12:10:43 - Building Docker image (test_image) with PROJECT_NAME=default_project...
2025-01-20 12:13:14 - Docker image built successfully.
2025-01-20 12:19:52 - Docker image (test_image) already exists.
2025-01-20 12:20:10 - Proceeding to overwrite the existing image (test_image).
2025-01-20 12:20:10 - Creating temporary Dockerfile...
2025-01-20 12:20:10 - Setting up PROJECT_NAME in Dockerfile...
2025-01-20 12:20:10 - Updating COPY commands in Dockerfile...
2025-01-20 12:20:10 - Adding package installation to Dockerfile...
2025-01-20 12:20:10 - Building Docker image (test_image) with PROJECT_NAME=default_project...
2025-01-20 12:22:33 - Docker image built successfully.
2025-01-20 12:42:17 - Docker image (test_image) already exists.
2025-01-20 12:42:18 - Build process aborted by user.
2025-01-20 12:43:37 - Docker image (test_image) already exists.
2025-01-20 12:43:38 - Build process aborted by user.
2025-01-20 12:43:51 - Docker image (test_image) already exists.
2025-01-20 12:43:51 - Build process aborted by user.
2025-01-20 12:45:41 - Docker image (test_image) already exists.
2025-01-20 12:45:41 - Build process aborted by user.
2025-01-20 12:46:20 - Docker image (test_image) already exists.
2025-01-20 12:46:21 - Build process aborted by user.
2025-01-20 12:47:24 - Docker image (test_image) already exists.
2025-01-20 12:47:26 - Build process aborted by user.
2025-01-21 11:58:47 - Docker image (test_image) already exists.
2025-01-21 11:58:48 - Build process aborted by user.
2025-01-21 11:59:56 - Docker image (test_image) already exists.
2025-01-21 12:00:18 - Proceeding to overwrite the existing image (test_image).
2025-01-21 12:00:18 - Creating temporary Dockerfile...
2025-01-21 12:00:18 - Setting up PROJECT_NAME in Dockerfile...
2025-01-21 12:00:18 - Updating COPY commands in Dockerfile...
2025-01-21 12:00:18 - Adding package installation to Dockerfile...
2025-01-21 12:00:18 - Building Docker image (test_image) with PROJECT_NAME=tamar_template...
2025-01-21 12:02:01 - Error: Failed to build the Docker image.
2025-01-21 12:25:52 - Docker image (test_image) already exists.
2025-01-21 12:26:03 - Build process aborted by user.
2025-01-21 12:33:35 - Docker image (test_image) already exists.
2025-01-21 12:33:37 - Build process aborted by user.
2025-01-21 12:35:19 - Docker image (test_image) already exists.
2025-01-21 12:35:22 - Build process aborted by user.
