2025-01-26 13:25:36 - A container with the name (tamar_template) already exists.
2025-01-26 13:25:37 - Skipping container deployment as the existing container was not removed.
2025-01-26 13:26:59 - A container with the name (tamar_template) already exists.
2025-01-26 13:27:01 - Skipping container deployment as the existing container was not removed.
2025-01-26 13:30:46 - A container with the name (tamar_template) already exists.
2025-01-26 13:30:47 - Skipping container deployment as the existing container was not removed.
2025-01-26 13:39:20 - A container with the name (tamar_template) already exists.
2025-01-26 13:39:21 - Skipping container deployment as the existing container was not removed.
2025-01-26 13:50:29 - A container with the name (tamar_template) already exists.
2025-01-26 13:50:49 - Stopping and removing existing container (tamar_template)...
2025-01-26 13:51:00 - Network (Nelly_Network) already exists.
2025-01-26 13:51:00 - Running Docker container (tamar_template)...
2025-01-26 13:51:00 - Docker container (tamar_template) is now running.
2025-01-26 14:05:53 - A container with the name (tamar_template) already exists.
2025-01-26 14:06:01 - Stopping and removing existing container (tamar_template)...
2025-01-26 14:06:01 - Network (Nelly_Network) already exists.
2025-01-26 14:06:01 - Running Docker container (tamar_template)...
2025-01-26 14:06:02 - Docker container (tamar_template) is now running.
2025-01-26 14:14:06 - A container with the name (tamar_template) already exists.
2025-01-26 14:14:39 - Stopping and removing existing container (tamar_template)...
2025-01-26 14:14:39 - Network (Nelly_Network) already exists.
2025-01-26 14:14:39 - Running Docker container (tamar_template)...
2025-01-26 14:14:41 - Docker container (tamar_template) is now running.
2025-01-28 13:18:37 - A container with the name (tamar_template) already exists.
2025-01-28 13:18:56 - Stopping and removing existing container (tamar_template)...
2025-01-28 13:19:07 - Network (Nelly_Network) already exists.
2025-01-28 13:19:07 - Running Docker container (tamar_template)...
2025-01-28 13:19:08 - Docker container (tamar_template) is now running.
2025-02-02 11:07:38 - A container with the name (tamar_template) already exists.
2025-02-02 11:07:53 - Stopping and removing existing container (tamar_template)...
2025-02-02 11:08:04 - Network (Nelly_Network) already exists.
2025-02-02 11:08:04 - Running Docker container (tamar_template)...
2025-02-02 11:08:04 - Docker container (tamar_template) is now running.
2025-02-02 18:18:21 - A container with the name (tamar_template) already exists.
2025-02-02 19:24:38 - Skipping container deployment as the existing container was not removed.
