2025-01-02 21:20:31 - Error: Nelly_config.json not found at /home/Jonatan/Nelly/containers/Nelly_config.json.
2025-01-02 21:23:38 - Error: Nelly_config.json not found at /home/Jonatan/Nelly/containers/Nelly_config.json.
2025-01-02 21:25:49 - Error: Validation schema file not found at /home/Jonatan/Nelly/containers/template/update_scripts/config_schema.json.
2025-01-02 21:26:08 - Error: Validation schema file not found at /home/Jonatan/Nelly/containers/template/update_scripts/config_schema.json.
2025-01-02 21:26:54 - Error: Validation schema file not found at /home/Jonatan/Nelly/containers/template/update_scripts/config_schema.json.
2025-01-02 21:28:28 - Error: Validation schema file not found at /home/Jonatan/Nelly/containers/template/update_scripts/config_schema.json.
2025-01-02 21:30:03 - Error: Nelly_config.json not found at /home/Jonatan/Nelly/containers/Nelly_config.json.
2025-01-02 21:37:45 - Synchronizing configurations from Nelly_config.json to config.json...
2025-01-02 21:37:45 - Configurations synchronized successfully.
2025-01-02 21:37:45 - Configuration management completed successfully.
2025-01-02 21:41:13 - Synchronizing configurations from Nelly_config.json to config.json...
2025-01-02 21:41:13 - Error: Failed to update config.json.
2025-01-02 21:41:37 - Synchronizing configurations from Nelly_config.json to config.json...
2025-01-02 21:41:37 - Configurations synchronized successfully.
2025-01-02 21:41:37 - Configuration management completed successfully.
2025-01-03 14:43:34 - Synchronizing configurations from Nelly_config.json to config.json...
2025-01-03 14:43:34 - Configurations synchronized successfully.
2025-01-03 14:43:34 - Configuration management completed successfully.
2025-01-03 14:46:30 - Synchronizing configurations from Nelly_config.json to config.json...
2025-01-03 14:46:30 - Configurations synchronized successfully.
2025-01-03 14:46:30 - Configuration management completed successfully.
2025-01-03 14:50:02 - Synchronizing configurations from Nelly_config.json to config.json...
2025-01-03 14:50:02 - Configurations synchronized successfully.
2025-01-03 14:50:02 - Configuration management completed successfully.
2025-01-03 14:53:11 - Synchronizing configurations from Nelly_config.json to config.json...
2025-01-03 14:53:11 - Configurations synchronized successfully.
2025-01-03 14:53:11 - Configuration management completed successfully.
2025-01-03 14:54:04 - Synchronizing configurations from Nelly_config.json to config.json...
2025-01-03 14:54:05 - Configurations synchronized successfully.
2025-01-03 14:54:05 - Configuration management completed successfully.
2025-01-03 14:59:37 - Synchronizing configurations from Nelly_config.json to config.json...
2025-01-03 14:59:38 - Configurations synchronized successfully.
2025-01-03 14:59:38 - Configuration management completed successfully.
2025-01-03 15:01:39 - Synchronizing configurations from Nelly_config.json to config.json...
2025-01-03 15:01:40 - Configurations synchronized successfully.
2025-01-03 15:01:40 - Configuration management completed successfully.
2025-01-03 15:02:59 - Synchronizing configurations from Nelly_config.json to config.json...
2025-01-03 15:02:59 - Configurations synchronized successfully.
2025-01-03 15:02:59 - Configuration management completed successfully.
2025-01-03 15:03:55 - Synchronizing configurations from Nelly_config.json to config.json...
2025-01-03 15:03:55 - Configurations synchronized successfully.
2025-01-03 15:03:55 - Configuration management completed successfully.
2025-01-03 15:08:36 - Synchronizing configurations from Nelly_config.json to config.json...
2025-01-03 15:08:36 - Configurations synchronized successfully.
2025-01-03 15:08:36 - Configuration management completed successfully.
2025-01-03 15:11:44 - Synchronizing configurations from Nelly_config.json to config.json...
2025-01-03 15:11:44 - Configurations synchronized successfully.
2025-01-03 15:11:44 - Configuration management completed successfully.
2025-01-03 15:13:29 - Synchronizing configurations from Nelly_config.json to config.json...
2025-01-03 15:13:29 - Configurations synchronized successfully.
2025-01-03 15:13:29 - Configuration management completed successfully.
2025-01-03 15:21:32 - Synchronizing configurations from Nelly_config.json to config.json...
2025-01-03 15:21:32 - Configurations synchronized successfully.
2025-01-03 15:21:32 - Configuration management completed successfully.
2025-01-03 15:21:32 - Synchronizing configurations from Nelly_config.json to config.json...
2025-01-03 15:21:32 - Configurations synchronized successfully.
2025-01-03 15:21:32 - Configuration management completed successfully.
2025-01-06 17:42:12 - Synchronizing configurations from Nelly_config.json to config.json...
2025-01-06 17:42:12 - Configurations synchronized successfully.
2025-01-06 17:42:12 - Configuration management completed successfully.
2025-01-06 17:42:12 - Synchronizing configurations from Nelly_config.json to config.json...
2025-01-06 17:42:12 - Configurations synchronized successfully.
2025-01-06 17:42:12 - Configuration management completed successfully.
2025-01-06 18:09:18 - Synchronizing configurations from Nelly_config.json to config.json...
2025-01-06 18:09:19 - Configurations synchronized successfully.
2025-01-06 18:09:19 - Configuration management completed successfully.
2025-01-06 18:09:19 - Synchronizing configurations from Nelly_config.json to config.json...
2025-01-06 18:09:19 - Configurations synchronized successfully.
2025-01-06 18:09:19 - Configuration management completed successfully.
2025-01-06 18:11:02 - Synchronizing configurations from Nelly_config.json to config.json...
2025-01-06 18:11:02 - Configurations synchronized successfully.
2025-01-06 18:11:02 - Configuration management completed successfully.
2025-01-06 18:11:02 - Synchronizing configurations from Nelly_config.json to config.json...
2025-01-06 18:11:02 - Configurations synchronized successfully.
2025-01-06 18:11:02 - Configuration management completed successfully.
2025-01-06 18:23:17 - Synchronizing configurations from Nelly_config.json to config.json...
2025-01-06 18:23:17 - Configurations synchronized successfully.
2025-01-06 18:23:17 - Configuration management completed successfully.
2025-01-06 18:24:25 - Synchronizing configurations from Nelly_config.json to config.json...
2025-01-06 18:24:25 - Configurations synchronized successfully.
2025-01-06 18:24:25 - Configuration management completed successfully.
2025-01-06 18:24:25 - Synchronizing configurations from Nelly_config.json to config.json...
2025-01-06 18:24:26 - Configurations synchronized successfully.
2025-01-06 18:24:26 - Configuration management completed successfully.
2025-01-06 18:27:01 - Synchronizing configurations from Nelly_config.json to config.json...
2025-01-06 18:27:01 - Configurations synchronized successfully.
2025-01-06 18:27:01 - Configuration management completed successfully.
2025-01-06 18:27:01 - Synchronizing configurations from Nelly_config.json to config.json...
2025-01-06 18:27:01 - Configurations synchronized successfully.
2025-01-06 18:27:01 - Configuration management completed successfully.
2025-01-06 18:29:03 - Synchronizing configurations from Nelly_config.json to config.json...
2025-01-06 18:29:03 - Configurations synchronized successfully.
2025-01-06 18:29:03 - Configuration management completed successfully.
2025-01-06 18:33:12 - Synchronizing configurations from Nelly_config.json to config.json...
2025-01-06 18:33:12 - Configurations synchronized successfully.
2025-01-06 18:33:12 - Configuration management completed successfully.
2025-01-06 18:33:38 - Synchronizing configurations from Nelly_config.json to config.json...
2025-01-06 18:33:39 - Configurations synchronized successfully.
2025-01-06 18:33:39 - Configuration management completed successfully.
2025-01-06 18:42:25 - Synchronizing configurations from Nelly_config.json to config.json...
2025-01-06 18:42:25 - Configurations synchronized successfully.
2025-01-06 18:42:25 - Configuration management completed successfully.
2025-01-06 18:53:07 - Synchronizing configurations from Nelly_config.json to config.json...
2025-01-06 18:53:07 - Configurations synchronized successfully.
2025-01-06 18:53:07 - Configuration management completed successfully.
2025-01-06 19:14:27 - Synchronizing configurations from Nelly_config.json to config.json...
2025-01-06 19:14:27 - Configurations synchronized successfully.
2025-01-06 19:14:27 - Configuration management completed successfully.
2025-01-15 19:55:18 - Synchronizing configurations from Nelly_config.json to config.json...
2025-01-15 19:55:18 - Configurations synchronized successfully.
2025-01-15 19:55:18 - Configuration management completed successfully.
2025-01-15 20:17:39 - Synchronizing configurations from Nelly_config.json to config.json...
2025-01-15 20:17:40 - Configurations synchronized successfully.
2025-01-15 20:17:40 - Configuration management completed successfully.
2025-01-15 20:24:01 - Synchronizing configurations from Nelly_config.json to config.json...
2025-01-15 20:24:01 - Configurations synchronized successfully.
2025-01-15 20:24:01 - Configuration management completed successfully.
2025-01-15 21:36:37 - Synchronizing configurations from Nelly_config.json to config.json...
2025-01-15 21:36:37 - Configurations synchronized successfully.
2025-01-15 21:36:37 - Configuration management completed successfully.
2025-01-15 21:40:58 - Synchronizing configurations from Nelly_config.json to config.json...
2025-01-15 21:40:58 - Configurations synchronized successfully.
2025-01-15 21:40:58 - Configuration management completed successfully.
2025-01-16 16:37:53 - Synchronizing configurations from Nelly_config.json to config.json...
2025-01-16 16:37:53 - Configurations synchronized successfully.
2025-01-16 16:37:53 - Configuration management completed successfully.
