2025-01-26 13:24:54 - Using configuration:
2025-01-26 13:24:54 -    - Container Name:   tamar_template
2025-01-26 13:24:54 -    - Image Name:       test_image
2025-01-26 13:24:54 -    - Network Name:     Nelly_Network
2025-01-26 13:24:54 - Starting update process for container: tamar_template
2025-01-26 13:24:54 - Checking permissions for scripts in /home/Jonatan/Nelly/containers/template/update_scripts...
2025-01-26 13:24:54 - Starting config_mng.sh...
2025-01-26 13:24:54 - Checked if the script exists...
Configuration management Started ...
2025-01-26 13:24:54 - Synchronizing configurations from Nelly_config.json to config.json...
2025-01-26 13:24:54 - Configurations synchronized successfully.
2025-01-26 13:24:54 - Configuration management completed - SUCCESS.
2025-01-26 13:24:54 - config_mng.sh completed successfully.
2025-01-26 13:24:54 - Starting update_app.sh...
2025-01-26 13:24:54 - Checked if the script exists...
Starting Application Update...
2025-01-26 13:24:54 - Loading local .env file (/home/Jonatan/Nelly/containers/template/update_scripts/../def/.env) into environment...
/home/Jonatan/Nelly/containers/template/update_scripts/../def/.env: line 1: ENV_DB_HOST_tamar_template: command not found
/home/Jonatan/Nelly/containers/template/update_scripts/../def/.env: line 2: ENV_DB_PASS_tamar_template: command not found
2025-01-26 13:24:54 - Processing applications defined in the configuration...
Do you want to update the repository content for app (tamar_template)? (y/n): 2025-01-26 13:25:33 - Skipped repository content update for tamar_template.
Do you want to update the environment variables for app (tamar_template)? (y/n): 2025-01-26 13:25:34 - Skipped environment variable update for tamar_template.
2025-01-26 13:25:34 - All application updates completed.
SUCCESS
2025-01-26 13:25:34 - update_app.sh completed successfully.
2025-01-26 13:25:34 - Starting build_docker.sh...
2025-01-26 13:25:34 - Checked if the script exists...
Starting Docker image build...
2025-01-26 13:25:35 - Docker image (test_image) already exists.
The image 'test_image' already exists. Do you want to overwrite it? (y/n): 2025-01-26 13:25:36 - Build process aborted by user.
Aborted
2025-01-26 13:25:36 - build_docker.sh completed successfully.
2025-01-26 13:25:36 - Starting manage_docker.sh...
2025-01-26 13:25:36 - Checked if the script exists...
Starting Docker container management...
2025-01-26 13:25:36 - A container with the name (tamar_template) already exists.
The container 'tamar_template' already exists. Do you want to stop and remove it? (y/n): 2025-01-26 13:25:37 - Skipping container deployment as the existing container was not removed.
Aborted
2025-01-26 13:25:37 - manage_docker.sh completed successfully.
2025-01-26 13:25:37 - Starting log_cleanup.sh...
2025-01-26 13:25:37 - Checked if the script exists...
Starting log cleanup...
2025-01-26 13:25:37 - Cleaning up old logs...
2025-01-26 13:25:37 - Log cleanup completed.
SUCCESS
2025-01-26 13:25:37 - log_cleanup.sh completed successfully.
2025-01-26 13:25:37 - Update process completed successfully for container: tamar_template
2025-01-26 13:26:06 - Using configuration:
2025-01-26 13:26:06 -    - Container Name:   tamar_template
2025-01-26 13:26:06 -    - Image Name:       test_image
2025-01-26 13:26:06 -    - Network Name:     Nelly_Network
2025-01-26 13:26:06 - Starting update process for container: tamar_template
2025-01-26 13:26:06 - Checking permissions for scripts in /home/Jonatan/Nelly/containers/template/update_scripts...
2025-01-26 13:26:06 - Starting config_mng.sh...
2025-01-26 13:26:06 - Checked if the script exists...
Configuration management Started ...
2025-01-26 13:26:06 - Synchronizing configurations from Nelly_config.json to config.json...
2025-01-26 13:26:06 - Configurations synchronized successfully.
2025-01-26 13:26:06 - Configuration management completed - SUCCESS.
2025-01-26 13:26:06 - config_mng.sh completed successfully.
2025-01-26 13:26:06 - Starting update_app.sh...
2025-01-26 13:26:06 - Checked if the script exists...
Starting Application Update...
2025-01-26 13:26:06 - Loading local .env file (/home/Jonatan/Nelly/containers/template/update_scripts/../def/.env) into environment...
/home/Jonatan/Nelly/containers/template/update_scripts/../def/.env: line 1: ENV_DB_HOST_tamar_template: command not found
/home/Jonatan/Nelly/containers/template/update_scripts/../def/.env: line 2: ENV_DB_PASS_tamar_template: command not found
2025-01-26 13:26:07 - Processing applications defined in the configuration...
Do you want to update the repository content for app (tamar_template)? (y/n): 2025-01-26 13:26:55 - Skipped repository content update for tamar_template.
Do you want to update the environment variables for app (tamar_template)? (y/n): 2025-01-26 13:26:57 - Skipped environment variable update for tamar_template.
2025-01-26 13:26:57 - All application updates completed.
SUCCESS
2025-01-26 13:26:57 - update_app.sh completed successfully.
2025-01-26 13:26:57 - Starting build_docker.sh...
2025-01-26 13:26:57 - Checked if the script exists...
Starting Docker image build...
2025-01-26 13:26:57 - Docker image (test_image) already exists.
The image 'test_image' already exists. Do you want to overwrite it? (y/n): 2025-01-26 13:26:59 - Build process aborted by user.
Aborted
2025-01-26 13:26:59 - build_docker.sh completed successfully.
2025-01-26 13:26:59 - Starting manage_docker.sh...
2025-01-26 13:26:59 - Checked if the script exists...
Starting Docker container management...
2025-01-26 13:26:59 - A container with the name (tamar_template) already exists.
The container 'tamar_template' already exists. Do you want to stop and remove it? (y/n): 2025-01-26 13:27:01 - Skipping container deployment as the existing container was not removed.
Aborted
2025-01-26 13:27:01 - manage_docker.sh completed successfully.
2025-01-26 13:27:01 - Starting log_cleanup.sh...
2025-01-26 13:27:01 - Checked if the script exists...
Starting log cleanup...
2025-01-26 13:27:01 - Cleaning up old logs...
2025-01-26 13:27:01 - Log cleanup completed.
SUCCESS
2025-01-26 13:27:01 - log_cleanup.sh completed successfully.
2025-01-26 13:27:01 - Update process completed successfully for container: tamar_template
2025-01-26 13:29:49 - Using configuration:
2025-01-26 13:29:49 -    - Container Name:   tamar_template
2025-01-26 13:29:49 -    - Image Name:       test_image
2025-01-26 13:29:49 -    - Network Name:     Nelly_Network
2025-01-26 13:29:49 - Starting update process for container: tamar_template
2025-01-26 13:29:49 - Checking permissions for scripts in /home/Jonatan/Nelly/containers/template/update_scripts...
2025-01-26 13:29:49 - Starting config_mng.sh...
2025-01-26 13:29:49 - Checked if the script exists...
Configuration management Started ...
2025-01-26 13:29:49 - Synchronizing configurations from Nelly_config.json to config.json...
2025-01-26 13:29:49 - Configurations synchronized successfully.
2025-01-26 13:29:49 - Configuration management completed - SUCCESS.
2025-01-26 13:29:49 - config_mng.sh completed successfully.
2025-01-26 13:29:49 - Starting update_app.sh...
2025-01-26 13:29:49 - Checked if the script exists...
Starting Application Update...
2025-01-26 13:29:49 - Loading local .env file (/home/Jonatan/Nelly/containers/template/update_scripts/../def/.env) into environment...
2025-01-26 13:29:49 - Processing applications defined in the configuration...
Do you want to update the repository content for app (tamar_template)? (y/n): 2025-01-26 13:30:10 - Fetching repository content for app (tamar_template) from git@github.com:Jonatan-Gani/tamar_template.git (branch: master)...
2025-01-26 13:30:10 - Cloning repository for tamar_template...
Cloning into '/home/Jonatan/Nelly/containers/template/update_scripts/../temp_repo'...
2025-01-26 13:30:12 - Copying repository content to app folder for tamar_template...
sending incremental file list
./
.gitignore
Read me.txt
Refresh requierment.bat
config.json
requirements.txt
test_table.py

sent 3,701 bytes  received 133 bytes  7,668.00 bytes/sec
total size is 3,224  speedup is 0.84
2025-01-26 13:30:12 - Cleaning up temporary directory for tamar_template...
2025-01-26 13:30:12 - Repository content for tamar_template updated successfully.
Do you want to update the environment variables for app (tamar_template)? (y/n): 2025-01-26 13:30:29 - Updating environment variables (.env) for tamar_template...
2025-01-26 13:30:29 - .env file for tamar_template created/updated successfully.
2025-01-26 13:30:29 - All application updates completed.
SUCCESS
2025-01-26 13:30:29 - update_app.sh completed successfully.
2025-01-26 13:30:29 - Starting build_docker.sh...
2025-01-26 13:30:29 - Checked if the script exists...
Starting Docker image build...
2025-01-26 13:30:29 - Docker image (test_image) already exists.
The image 'test_image' already exists. Do you want to overwrite it? (y/n): 2025-01-26 13:30:46 - Build process aborted by user.
Aborted
2025-01-26 13:30:46 - build_docker.sh completed successfully.
2025-01-26 13:30:46 - Starting manage_docker.sh...
2025-01-26 13:30:46 - Checked if the script exists...
Starting Docker container management...
2025-01-26 13:30:46 - A container with the name (tamar_template) already exists.
The container 'tamar_template' already exists. Do you want to stop and remove it? (y/n): 2025-01-26 13:30:47 - Skipping container deployment as the existing container was not removed.
Aborted
2025-01-26 13:30:47 - manage_docker.sh completed successfully.
2025-01-26 13:30:47 - Starting log_cleanup.sh...
2025-01-26 13:30:47 - Checked if the script exists...
Starting log cleanup...
2025-01-26 13:30:47 - Cleaning up old logs...
2025-01-26 13:30:47 - Log cleanup completed.
SUCCESS
2025-01-26 13:30:47 - log_cleanup.sh completed successfully.
2025-01-26 13:30:47 - Update process completed successfully for container: tamar_template
2025-01-26 13:39:12 - Using configuration:
2025-01-26 13:39:12 -    - Container Name:   tamar_template
2025-01-26 13:39:12 -    - Image Name:       test_image
2025-01-26 13:39:12 -    - Network Name:     Nelly_Network
2025-01-26 13:39:12 - Starting update process for container: tamar_template
2025-01-26 13:39:12 - Checking permissions for scripts in /home/Jonatan/Nelly/containers/template/update_scripts...
2025-01-26 13:39:12 - Starting config_mng.sh...
2025-01-26 13:39:12 - Checked if the script exists...
Configuration management Started ...
2025-01-26 13:39:12 - Synchronizing configurations from Nelly_config.json to config.json...
2025-01-26 13:39:12 - Configurations synchronized successfully.
2025-01-26 13:39:12 - Configuration management completed - SUCCESS.
2025-01-26 13:39:12 - config_mng.sh completed successfully.
2025-01-26 13:39:12 - Starting update_app.sh...
2025-01-26 13:39:12 - Checked if the script exists...
Starting Application Update...
2025-01-26 13:39:12 - Loading local .env file (/home/Jonatan/Nelly/containers/template/update_scripts/../def/.env) into environment...
2025-01-26 13:39:12 - Processing applications defined in the configuration...
Do you want to update the repository content for app (tamar_template)? (y/n): 2025-01-26 13:39:15 - Skipped repository content update for tamar_template.
Do you want to update the environment variables for app (tamar_template)? (y/n): 2025-01-26 13:39:16 - Updating environment variables (.env) for tamar_template...
2025-01-26 13:39:17 - Removed old .env file for tamar_template.
2025-01-26 13:39:17 - .env file for tamar_template created/updated successfully.
2025-01-26 13:39:17 - All application updates completed.
SUCCESS
2025-01-26 13:39:17 - update_app.sh completed successfully.
2025-01-26 13:39:17 - Starting build_docker.sh...
2025-01-26 13:39:17 - Checked if the script exists...
Starting Docker image build...
2025-01-26 13:39:17 - Docker image (test_image) already exists.
The image 'test_image' already exists. Do you want to overwrite it? (y/n): 2025-01-26 13:39:19 - Build process aborted by user.
Aborted
2025-01-26 13:39:20 - build_docker.sh completed successfully.
2025-01-26 13:39:20 - Starting manage_docker.sh...
2025-01-26 13:39:20 - Checked if the script exists...
Starting Docker container management...
2025-01-26 13:39:20 - A container with the name (tamar_template) already exists.
The container 'tamar_template' already exists. Do you want to stop and remove it? (y/n): 2025-01-26 13:39:21 - Skipping container deployment as the existing container was not removed.
Aborted
2025-01-26 13:39:21 - manage_docker.sh completed successfully.
2025-01-26 13:39:21 - Starting log_cleanup.sh...
2025-01-26 13:39:21 - Checked if the script exists...
Starting log cleanup...
2025-01-26 13:39:21 - Cleaning up old logs...
2025-01-26 13:39:21 - Log cleanup completed.
SUCCESS
2025-01-26 13:39:21 - log_cleanup.sh completed successfully.
2025-01-26 13:39:21 - Update process completed successfully for container: tamar_template
