2025-01-26 13:24:54 - Loading local .env file (/home/Jonatan/Nelly/containers/template/update_scripts/../def/.env) into environment...
2025-01-26 13:24:54 - Processing applications defined in the configuration...
2025-01-26 13:25:33 - Skipped repository content update for tamar_template.
2025-01-26 13:25:34 - Skipped environment variable update for tamar_template.
2025-01-26 13:25:34 - All application updates completed.
2025-01-26 13:26:06 - Loading local .env file (/home/Jonatan/Nelly/containers/template/update_scripts/../def/.env) into environment...
2025-01-26 13:26:07 - Processing applications defined in the configuration...
2025-01-26 13:26:55 - Skipped repository content update for tamar_template.
2025-01-26 13:26:57 - Skipped environment variable update for tamar_template.
2025-01-26 13:26:57 - All application updates completed.
2025-01-26 13:29:49 - Loading local .env file (/home/Jonatan/Nelly/containers/template/update_scripts/../def/.env) into environment...
2025-01-26 13:29:49 - Processing applications defined in the configuration...
2025-01-26 13:30:10 - Fetching repository content for app (tamar_template) from git@github.com:Jonatan-Gani/tamar_template.git (branch: master)...
2025-01-26 13:30:10 - Cloning repository for tamar_template...
2025-01-26 13:30:12 - Copying repository content to app folder for tamar_template...
2025-01-26 13:30:12 - Cleaning up temporary directory for tamar_template...
2025-01-26 13:30:12 - Repository content for tamar_template updated successfully.
2025-01-26 13:30:29 - Updating environment variables (.env) for tamar_template...
2025-01-26 13:30:29 - .env file for tamar_template created/updated successfully.
2025-01-26 13:30:29 - All application updates completed.
2025-01-26 13:39:12 - Loading local .env file (/home/Jonatan/Nelly/containers/template/update_scripts/../def/.env) into environment...
2025-01-26 13:39:12 - Processing applications defined in the configuration...
2025-01-26 13:39:15 - Skipped repository content update for tamar_template.
2025-01-26 13:39:16 - Updating environment variables (.env) for tamar_template...
2025-01-26 13:39:17 - Removed old .env file for tamar_template.
2025-01-26 13:39:17 - .env file for tamar_template created/updated successfully.
2025-01-26 13:39:17 - All application updates completed.
